Thu May  6 18:41:31 2021 niharika(uid=1000): Session Opened
Thu May  6 18:41:35 2021 niharika(uid=1000): Positive Acknowledgement (Child 1) - Password Protecting and Encrpyting a File/Folder
Thu May  6 18:41:35 2021 niharika(uid=1000): Positive Acknowledgement (Child 2) - Password Protecting and Encrpyting Multiple Files/Folders
Thu May  6 18:41:35 2021 niharika(uid=1000): Positive Acknowledgement (Child 3) - Decrypting Multiple Files/Folders
Thu May  6 18:41:35 2021 niharika(uid=1000): Positive Acknowledgement (Child 4) - Changing Permissions for Multiple Files/Folders
Thu May  6 18:41:35 2021 niharika(uid=1000): Positive Acknowledgement (Child 5) - Multiple Files/Folders will been hidden/unhidden
Thu May 06 18:49:54 2021 niharika(uid=1000): Child 1 -> PATH: A1 -> FILE: file1.txt -> Encrypted FILE: file1.txt.gpg -> Succesfully Encrypted
Thu May 06 18:50:06 2021 niharika(uid=1000): Child 1 -> Sesssion Closed
Thu May 06 18:55:26 2021 niharika(uid=1000): Child 2 -> PATH: A1/Dir1 -> FILE(s): Dir2 q3.sh q4.png -> Encrypted FILE: MyCombinedDir.tar.gpg -> Succesfully Encrypted
Thu May 06 18:55:31 2021 niharika(uid=1000): Child 2 -> PATH: SecureFolder -> Encrypted FILE: MyCombinedDir.tar.gpg -> Moved to Secure Folder Succesfully
Thu May 06 18:55:31 2021 niharika(uid=1000): Child 2 -> Sesssion Closed
Thu May 06 19:00:12 2021 niharika(uid=1000): Child 3 -> PATH: A1/Dir1 -> FILE: MyCombinedDir.tar.gpg -> Moved back from SecureFolder to A1/Dir1
Thu May 06 19:00:34 2021 niharika(uid=1000): Child 3 -> PATH: A1/Dir1 -> FILE(s): MyCombinedDir.tar.gpg -> Succesfully Decrypted
Thu May 06 19:00:34 2021 niharika(uid=1000): Child 3 -> Sesssion Closed
Thu May 06 19:04:57 2021 niharika(uid=1000): Child 4 -> PATH: A1 -> FILE/FOLDER: ubuntu.jpeg -> Succesfully changed permission to: ----r---wx (from old permission: -rw-rw-r--)
Thu May 06 19:05:08 2021 niharika(uid=1000): Child 4 -> Sesssion Closed
Thu May 06 19:07:47 2021 niharika(uid=1000): Child 5 -> PATH: A1 -> FILE/FOLDER: file2.txt -> Succesfully hidden as .file2.txt
Thu May 06 19:08:32 2021 niharika(uid=1000): Child 5 -> Sesssion Closed
Thu May  6 19:12:54 2021 niharika(uid=1000): Session Opened
Thu May  6 19:13:02 2021 niharika(uid=1000): Positive Acknowledgement (Child 5) - Multiple Files/Folders will been hidden/unhidden
Thu May 06 19:13:20 2021 niharika(uid=1000): Child 5 -> PATH: A1 -> FILE/FOLDER: .A4 -> Succesfully unhidden as A4
Thu May 06 19:13:34 2021 niharika(uid=1000): Child 5 -> PATH: A1 -> FILE/FOLDER: .file2.txt -> Succesfully unhidden as file2.txt
Thu May 06 19:13:36 2021 niharika(uid=1000): Child 5 -> Sesssion Closed
Thu May  6 19:18:24 2021 niharika(uid=1000): Session Opened
Thu May  6 19:18:31 2021 niharika(uid=1000): Positive Acknowledgement (Child 1) - Password Protecting and Encrpyting a File/Folder
Thu May  6 19:18:31 2021 niharika(uid=1000): Positive Acknowledgement (Child 3) - Decrypting Multiple Files/Folders
Thu May 06 19:19:27 2021 niharika(uid=1000): Child 1 -> PATH: A1 -> FILE: file2.txt -> Encryption Failed
Thu May 06 19:19:27 2021 niharika(uid=1000): Child 1 -> Sesssion Closed
Thu May 06 19:22:09 2021 niharika(uid=1000): Child 3 -> PATH: A1 -> FILE(s): file1.txt.gpg -> Decryption Failed
Thu May 06 19:22:09 2021 niharika(uid=1000): Child 3 -> Sesssion Closed
Thu May  6 19:27:53 2021 niharika(uid=1000): Session Opened
Thu May  6 19:27:58 2021 niharika(uid=1000): Positive Acknowledgement (Child 3) - Decrypting Multiple Files/Folders
Thu May  6 19:27:58 2021 niharika(uid=1000): Positive Acknowledgement (Child 4) - Changing Permissions for Multiple Files/Folders
Thu May  6 19:27:58 2021 niharika(uid=1000): Positive Acknowledgement (Child 5) - Multiple Files/Folders will been hidden/unhidden
Thu May 06 19:28:21 2021 niharika(uid=1000): Child 3 -> PATH: A2 -> FILE(s): hi.tar -> Decryption Failed
Thu May 06 19:28:21 2021 niharika(uid=1000): Child 3 -> Sesssion Closed
Thu May 06 19:28:50 2021 niharika(uid=1000): Child 4 -> PATH: A1 -> FILE/FOLDER: ubuntu.jpeg -> Succesfully changed permission to: -rwxr--r-- (from old permission: ----r---wx)
Thu May 06 19:29:07 2021 niharika(uid=1000): Child 4 -> PATH: A1 -> FILE/FOLDER: A4 -> Succesfully changed permission to: drw-r-xr-x (from old permission: drwxr-xr--)
Thu May 06 19:29:30 2021 niharika(uid=1000): Child 4 -> PATH: A1 -> FILE/FOLDER: Quiz1.pdf -> Succesfully changed permission to: -r--r--r-- (from old permission: -rw-rw-r--)
Thu May 06 19:29:33 2021 niharika(uid=1000): Child 4 -> Sesssion Closed
Thu May 06 19:30:11 2021 niharika(uid=1000): Child 5 -> PATH: A1/Dir3 -> FILE/FOLDER: Quiz5Q2.txt -> Succesfully hidden as .Quiz5Q2.txt
Thu May 06 19:30:36 2021 niharika(uid=1000): Child 5 -> PATH: A1/Dir3 -> FILE/FOLDER: Quiz5q3.c -> Succesfully hidden as .Quiz5q3.c
Thu May 06 19:30:38 2021 niharika(uid=1000): Child 5 -> Sesssion Closed
Thu May  6 19:33:52 2021 niharika(uid=1000): Session Opened
Thu May  6 19:33:56 2021 niharika(uid=1000): Positive Acknowledgement (Child 1) - Password Protecting and Encrpyting a File/Folder
Thu May  6 19:33:56 2021 niharika(uid=1000): Positive Acknowledgement (Child 2) - Password Protecting and Encrpyting Multiple Files/Folders
Thu May  6 19:33:57 2021 niharika(uid=1000): Positive Acknowledgement (Child 5) - Multiple Files/Folders will been hidden/unhidden
Thu May 06 19:34:19 2021 niharika(uid=1000): Child 1 -> PATH: A4 -> FILE: 3.c -> Encrypted FILE: 3.c.gpg -> Succesfully Encrypted
Thu May 06 19:34:22 2021 niharika(uid=1000): Child 1 -> PATH: SecureFolder -> Encrypted FILE: 3.c.gpg -> Moved to Secure Folder Succesfully
Thu May 06 19:34:22 2021 niharika(uid=1000): Child 1 -> Sesssion Closed
Thu May 06 19:35:08 2021 niharika(uid=1000): Child 2 -> PATH: A3 -> FILE(s): f1.gz f2.gz -> Encrypted FILE: CodeFiles.tar.gpg -> Succesfully Encrypted
Thu May 06 19:35:10 2021 niharika(uid=1000): Child 2 -> PATH: SecureFolder -> Encrypted FILE: CodeFiles.tar.gpg -> Moved to Secure Folder Succesfully
Thu May 06 19:35:10 2021 niharika(uid=1000): Child 2 -> Sesssion Closed
Thu May 06 19:35:36 2021 niharika(uid=1000): Child 5 -> PATH: SecureFolder -> FILE/FOLDER: CodeFiles.tar.gpg -> Succesfully hidden as .CodeFiles.tar.gpg
Thu May 06 19:35:39 2021 niharika(uid=1000): Child 5 -> Sesssion Closed
Thu May  6 19:35:48 2021 niharika(uid=1000): Session Opened
Thu May  6 19:36:26 2021 niharika(uid=1000): Positive Acknowledgement (Child 1) - Password Protecting and Encrpyting a File/Folder
Thu May  6 19:36:26 2021 niharika(uid=1000): Positive Acknowledgement (Child 2) - Password Protecting and Encrpyting Multiple Files/Folders
Thu May 06 19:36:45 2021 niharika(uid=1000): Child 1 -> Sesssion Closed
Thu May 06 19:37:22 2021 niharika(uid=1000): Child 2 -> PATH: A4 -> FILE(s): 1.c 2.c -> Encrypted FILE: Cprograms.tar.gpg -> Succesfully Encrypted
Thu May 06 19:37:25 2021 niharika(uid=1000): Child 2 -> Sesssion Closed
Thu May  6 19:37:31 2021 niharika(uid=1000): Session Opened
Thu May  6 19:37:39 2021 niharika(uid=1000): Positive Acknowledgement (Child 1) - Password Protecting and Encrpyting a File/Folder
Thu May  6 19:37:39 2021 niharika(uid=1000): Positive Acknowledgement (Child 4) - Changing Permissions for Multiple Files/Folders
Thu May 06 19:37:56 2021 niharika(uid=1000): Child 4 -> Sesssion Closed
Thu May 06 19:38:23 2021 niharika(uid=1000): Child 1 -> PATH: A4 -> FILE: CppProgramming.tar -> Encrypted FILE: CppProgramming.tar.gpg -> Succesfully Encrypted
Thu May 06 19:38:26 2021 niharika(uid=1000): Child 1 -> PATH: SecureFolder -> Encrypted FILE: CppProgramming.tar.gpg -> Moved to Secure Folder Succesfully
Thu May 06 19:38:26 2021 niharika(uid=1000): Child 1 -> Sesssion Closed
